1527465345591	geckodriver	INFO	geckodriver 0.20.1
1527465345599	geckodriver	INFO	Listening on 127.0.0.1:64396
1527465348621	mozrunner::runner	INFO	Running command: "C:\\Program Files\\Mozilla Firefox\\firefox.exe" "-marionette" "-profile" "C:\\Users\\Mellis\\AppData\\Local\\Temp\\rust_mozprofile.OpJGqXWYrTTW"
Unable to read VR Path Registry from C:\Users\Mellis\AppData\Local\openvr\openvrpaths.vrpath
Unable to read VR Path Registry from C:\Users\Mellis\AppData\Local\openvr\openvrpaths.vrpath
Unable to read VR Path Registry from C:\Users\Mellis\AppData\Local\openvr\openvrpaths.vrpath
Unable to read VR Path Registry from C:\Users\Mellis\AppData\Local\openvr\openvrpaths.vrpath
Unable to read VR Path Registry from C:\Users\Mellis\AppData\Local\openvr\openvrpaths.vrpath
1527465351320	Marionette	INFO	Listening on port 64404
1527465351829	Marionette	WARN	TLS certificate errors will be ignored for this session
[Child 10472, Chrome_ChildThread] WARNING: pipe error: 109: file z:/build/build/src/ipc/chromium/src/chrome/common/ipc_channel_win.cc, line 346
[Child 10472, Chrome_ChildThread] WARNING: pipe error: 109: file[Child 5768, Chrome_ChildThread] WARNING: pipe error: 109: file z:/build/build/src/ipc/chromium/src/chrome/common/ipc_channel_win.cc, line 346
[Child 5768, Chrome_ChildThread] WAR[Parent 10000, Gecko_IOThread] WARNING: pipe error: 109: file z:/build/build/src/ipc/chromium/src/chrome/common/ipc_channel_win.cc, line 346
[Child 7584, Chrome_ChildThread] WARNING: pipe error: 109: file z:/build/build/src/ipc/chromium/src/chrome/common/ipc_channel_win.cc, line 346
[Child 7584, Chrome*** UTM:SVC TimerManager:registerTimer called after profile-before-change notification. Ignoring timer registration for id: telemetry_modules_ping

###!!! [Child][MessageChannel::SendAndWait] Error: Channel error: cannot send/recv

1527465426000	geckodriver	INFO	geckodriver 0.20.1
1527465426006	geckodriver	INFO	Listening on 127.0.0.1:64455
1527465429010	mozrunner::runner	INFO	Running command: "C:\\Program Files\\Mozilla Firefox\\firefox.exe" "-marionette" "-profile" "C:\\Users\\Mellis\\AppData\\Local\\Temp\\rust_mozprofile.cQ0Gon5BCCXq"
Unable to read VR Path Registry from C:\Users\Mellis\AppData\Local\openvr\openvrpaths.vrpath
Unable to read VR Path Registry from C:\Users\Mellis\AppData\Local\openvr\openvrpaths.vrpath
Unable to read VR Path Registry from C:\Users\Mellis\AppData\Local\openvr\openvrpaths.vrpath
Unable to read VR Path Registry from C:\Users\Mellis\AppData\Local\openvr\openvrpaths.vrpath
Unable to read VR Path Registry from C:\Users\Mellis\AppData\Local\openvr\openvrpaths.vrpath
1527465431524	Marionette	INFO	Listening on port 64463
1527465432118	Marionette	WARN	TLS certificate errors will be ignored for this session
[Child 10952, Chrome_ChildThread] WARNING: pipe error: 109: file z:/build/build/src/ipc/chromium/src/chrome/common/ipc_channel_win.cc, line 346
[Child 10952, Chrome_ChildThread] WA1527465449770	addons.productaddons	WARN	Failed downloading XML, status: 0, reason: error
[Parent 5420, Gecko_IOThread] WARNING: pipe error: 109: file z:/build/build/src/ipc/chromium/src/chrome/common/ipc_channel_win.cc, line 346
[Child 11076, Chrome_ChildThread] WARNING: pipe error: 109: file z:/build/build/src/ipc/chromium/src/chrome/common/ipc_channel_win.cc, line 346
[Child 11076, Chrome_ChildThread] [Parent 5420, Gecko_IOThread] WARNING: pipe error: 109: file z:/build/build/src/ipc/chromium/src/chrome/common/ipc_channel_win.cc, line 346
1527465449798	addons.productaddons	WARN	Failed downloading via XHR, status: 0, reason: error
1527465449799	addons.productaddons	WARN	Failed downloading via XHR, status: 0, reason: error
*** UTM:SVC TimerManager:registerTimer called after profile-before-change notification. Ignoring timer registration for id: telemetry_modules_ping
[GPU 5216, Chrome_ChildThread] WARNING: pipe error: 109: file z:/build/build/src/ipc/chromium/src/chrome/common/ipc_channel_win.cc, line 346

###!!! [Child][MessageChannel::SendAndWait] Error: Channel error: cannot send/recv

1527465452150	geckodriver	INFO	geckodriver 0.20.1
1527465452156	geckodriver	INFO	Listening on 127.0.0.1:64513
1527465455170	mozrunner::runner	INFO	Running command: "C:\\Program Files\\Mozilla Firefox\\firefox.exe" "-marionette" "-profile" "C:\\Users\\Mellis\\AppData\\Local\\Temp\\rust_mozprofile.Y1UZXl8rbcKd"
Unable to read VR Path Registry from C:\Users\Mellis\AppData\Local\openvr\openvrpaths.vrpath
Unable to read VR Path Registry from C:\Users\Mellis\AppData\Local\openvr\openvrpaths.vrpath
Unable to read VR Path Registry from C:\Users\Mellis\AppData\Local\openvr\openvrpaths.vrpath
Unable to read VR Path Registry from C:\Users\Mellis\AppData\Local\openvr\openvrpaths.vrpath
Unable to read VR Path Registry from C:\Users\Mellis\AppData\Local\openvr\openvrpaths.vrpath
1527465457727	Marionette	INFO	Listening on port 64521
1527465458280	Marionette	WARN	TLS certificate errors will be ignored for this session
[Child 3720, Chrome_ChildThread] WARNING: pipe error: 109: file z:/build/build/src/ipc/chromium/src/chrome/common/ipc_channel_win.cc, line 346
[Child 3720, Chrome_ChildThread] WARNING: pip[Parent 8508, Gecko_IOThread] WARNING: pipe error: 109: file z:/build/build/src/ipc/chromium/src/chrome/common/ipc_channel_win.cc, line 346
[Child 3108, Chrome_ChildThread] WARNING: pipe error: 109: file z:/build/build/src/ipc/chromium/src/chrome/common/ipc_channel_win.cc, line 346
[Child 3108, Chrome_ChildThread] WARNING: pipe error: 109: file z:/build/build/src/ipc/chromium/src/chrome/common/ipc_channel_win.cc, line 346
[Parent 8508, Gecko_IOThread] WARNING: pipe error: 109: file z:/build/build/src/ipc/chromium/src/chrome/common/ipc_channel_win.cc, line 346
[Child 1176*** UTM:SVC TimerManager:registerTimer called after profile-before-change notification. Ignoring timer registration for id: telemetry_modules_ping

###!!! [Child][MessageChannel::SendAndWait] Error: Channel error: cannot send/recv

1527465483834	geckodriver	INFO	geckodriver 0.20.1
1527465483839	geckodriver	INFO	Listening on 127.0.0.1:64578
1527465486863	mozrunner::runner	INFO	Running command: "C:\\Program Files\\Mozilla Firefox\\firefox.exe" "-marionette" "-profile" "C:\\Users\\Mellis\\AppData\\Local\\Temp\\rust_mozprofile.ODXlKl808TaH"
Unable to read VR Path Registry from C:\Users\Mellis\AppData\Local\openvr\openvrpaths.vrpath
Unable to read VR Path Registry from C:\Users\Mellis\AppData\Local\openvr\openvrpaths.vrpath
Unable to read VR Path Registry from C:\Users\Mellis\AppData\Local\openvr\openvrpaths.vrpath
Unable to read VR Path Registry from C:\Users\Mellis\AppData\Local\openvr\openvrpaths.vrpath
Unable to read VR Path Registry from C:\Users\Mellis\AppData\Local\openvr\openvrpaths.vrpath
1527465489292	Marionette	INFO	Listening on port 64586
1527465489974	Marionette	WARN	TLS certificate errors will be ignored for this session
[Parent 9312, Gecko_IOThread] WARNING: pipe error: 109: file z:/build/build/src/ipc/chromium/src/chrome/common/ipc_channel_win.cc, line 346
[Child 720, Chrome_ChildThread] WARNING: pipe error: 109: file z:/build/build/src/ipc/chromium/src/chrome/common/ipc_channel_win.cc, line 346
[Child 720, Chro[Parent 9312, Gecko_IOThread] WARNING: pipe error: 109: file z:/build/build/src/ipc/chromium/src/chrome/common/ipc_channel_win.cc, line 346
[Child 11428, Chrome_ChildThread] WARNING: pipe error: 109: file z:/build/build/src/ipc/chromium/src/chrome/common/ipc_channel_win.cc, line 346
[Child 11428, Chrome_ChildThread] WARNING: pipe e[Parent 9312, Gecko_IOThread] WARNING: pipe error: 109: file z:/build/build/src/ipc/chromium/src/chrome/common/ipc_channel_win.cc, line 346
*** UTM:SVC TimerManager:registerTimer called after profile-before-change notification. Ignoring timer registration for id: telemetry_modules_ping

###!!! [Child][MessageChannel::SendAndWait] Error: Channel error: cannot send/recv

1527465539982	geckodriver	INFO	geckodriver 0.20.1
1527465539987	geckodriver	INFO	Listening on 127.0.0.1:64652
1527465543001	mozrunner::runner	INFO	Running command: "C:\\Program Files\\Mozilla Firefox\\firefox.exe" "-marionette" "-profile" "C:\\Users\\Mellis\\AppData\\Local\\Temp\\rust_mozprofile.fqXzWLDztCEH"
Unable to read VR Path Registry from C:\Users\Mellis\AppData\Local\openvr\openvrpaths.vrpath
Unable to read VR Path Registry from C:\Users\Mellis\AppData\Local\openvr\openvrpaths.vrpath
Unable to read VR Path Registry from C:\Users\Mellis\AppData\Local\openvr\openvrpaths.vrpath
Unable to read VR Path Registry from C:\Users\Mellis\AppData\Local\openvr\openvrpaths.vrpath
Unable to read VR Path Registry from C:\Users\Mellis\AppData\Local\openvr\openvrpaths.vrpath
1527465545501	Marionette	INFO	Listening on port 64660
1527465546108	Marionette	WARN	TLS certificate errors will be ignored for this session
[Parent 2032, Gecko_IOThread] WARNING: pipe error: 109: file z:/build/build/src/ipc/chromium/src/chrome/common/ipc_channel_win.cc, line 346
[Child 10128, Chrome_ChildThread] WARNING: pipe error: 109: file z:/build/build/src/ipc/chromium/src/chrome/common/ipc_channel_win.cc, line 346
[Child 10128, Chrome_ChildThread] WARNING: pipe error: 109: file z:/build/build/src/ipc/chromium/src/chrome/common/ipc_channel_win.cc, line 346
[Child 4088, Chrome_ChildThread] WARNING: pipe error: 109: file z:/build/build/src/ipc/chromium/src/chrome/common/ipc_channel_win.cc, line 346
[Child 4088, Chrome_ChildThread] WARNING: pipe error: 1[Parent 2032, Gecko_IOThread] WARNING: pipe error: 109: file z:/build/build/src/ipc/chromium/src/chrome/common/ipc_channel_win.cc, line 346
*** UTM:SVC TimerManager:registerTimer called after profile-before-change notification. Ignoring timer registration for id: telemetry_modules_ping

###!!! [Child][MessageChannel::SendAndWait] Error: Channel error: cannot send/recv

1527465576057	geckodriver	INFO	geckodriver 0.20.1
1527465576062	geckodriver	INFO	Listening on 127.0.0.1:64711
1527465579085	mozrunner::runner	INFO	Running command: "C:\\Program Files\\Mozilla Firefox\\firefox.exe" "-marionette" "-profile" "C:\\Users\\Mellis\\AppData\\Local\\Temp\\rust_mozprofile.2EtYuuXb33eD"
Unable to read VR Path Registry from C:\Users\Mellis\AppData\Local\openvr\openvrpaths.vrpath
Unable to read VR Path Registry from C:\Users\Mellis\AppData\Local\openvr\openvrpaths.vrpath
Unable to read VR Path Registry from C:\Users\Mellis\AppData\Local\openvr\openvrpaths.vrpath
Unable to read VR Path Registry from C:\Users\Mellis\AppData\Local\openvr\openvrpaths.vrpath
Unable to read VR Path Registry from C:\Users\Mellis\AppData\Local\openvr\openvrpaths.vrpath
1527465581429	Marionette	INFO	Listening on port 64719
1527465582194	Marionette	WARN	TLS certificate errors will be ignored for this session
[Parent 11880, Gecko_IOThread] WARNING: pipe error: 109: file z:/build/build/src/ipc/chromium/src/chrome/common/ipc_channel_win.cc, line 346
[Child 10188, Chrome_ChildThread] WARNING: pipe error: 109: file z:/build/build/src/ipc/chromium/src/chrome/common/ipc_channel_win.cc, line 346
[Child 10188, Chr[Parent 11880, Gecko_IOThread] WARNING: pipe error: 109: file z:/build/build/src/ipc/chromium/src/chrome/common/ipc_channel_win.cc, line 346
[Child 11384, Chrome_ChildThread] WARNING: pipe error: 109: file z:/build/build/src/ipc/chromium/src/chrome/common/ipc_channel_win.cc, line 346
[Child 11384, Chrom*** UTM:SVC TimerManager:registerTimer called after profile-before-change notification. Ignoring timer registration for id: telemetry_modules_ping

###!!! [Child][MessageChannel::SendAndWait] Error: Channel error: cannot send/recv

1527468477921	geckodriver	INFO	geckodriver 0.20.1
1527468477926	geckodriver	INFO	Listening on 127.0.0.1:50135
1527468480949	mozrunner::runner	INFO	Running command: "C:\\Program Files\\Mozilla Firefox\\firefox.exe" "-marionette" "-profile" "C:\\Users\\Mellis\\AppData\\Local\\Temp\\rust_mozprofile.lxpM1y0r7oOb"
Unable to read VR Path Registry from C:\Users\Mellis\AppData\Local\openvr\openvrpaths.vrpath
Unable to read VR Path Registry from C:\Users\Mellis\AppData\Local\openvr\openvrpaths.vrpath
Unable to read VR Path Registry from C:\Users\Mellis\AppData\Local\openvr\openvrpaths.vrpath
Unable to read VR Path Registry from C:\Users\Mellis\AppData\Local\openvr\openvrpaths.vrpath
Unable to read VR Path Registry from C:\Users\Mellis\AppData\Local\openvr\openvrpaths.vrpath
1527468483613	Marionette	INFO	Listening on port 50143
1527468484058	Marionette	WARN	TLS certificate errors will be ignored for this session
[Parent 7388, Gecko_IOThread] WARNING: pipe error: 109: file z:/build/build/src/ipc/chromium/src/chrome/common/ipc_channel_win.cc, line 346
[Parent 7388, Gecko_IOThread] WARNING: pipe error: 109: file z:/build/build/src/ipc/chromium/src/chrome/common/ipc_channel_win.cc, line 346
[Child 9428, Chrome_ChildThread] WARNING: pipe error: 109: file z:/build/build/src/ipc/chromium/src/chrome/common/ipc_channel_win.cc, line 346
[Child 9428, Chrome_ChildThread] WARNING: pipe error: 109: file z:/build/build/src/ipc/chromium/src/chrome/common/ipc_channel_win.cc, li[Parent 7388, Gecko_IOThread] WARNING: pipe error: 109: file z:/build/build/src/ipc/chromium/src/chrome/common/ipc_channel_win.cc, line 346
[Child 1288, Chrome_ChildThread] WARNING: pipe error: 109: file z:/build/build/src/ipc/chromium/src/chrome/common/ipc_channel_win.cc, line 346
[Child 1288, Chrome_ChildThread] WARNING: pipe e*** UTM:SVC TimerManager:registerTimer called after profile-before-change notification. Ignoring timer registration for id: telemetry_modules_ping
[GPU 5060, Chrome_ChildThread] WARNING: pipe error: 109: file z:/build/build/src/ipc/chromium/src/chrome/common/ipc_channel_win.cc, line 346

###!!! [Child][MessageChannel::SendAndWait] Error: Channel error: cannot send/recv

1527468504138	geckodriver	INFO	geckodriver 0.20.1
1527468504144	geckodriver	INFO	Listening on 127.0.0.1:50192
1527468507157	mozrunner::runner	INFO	Running command: "C:\\Program Files\\Mozilla Firefox\\firefox.exe" "-marionette" "-profile" "C:\\Users\\Mellis\\AppData\\Local\\Temp\\rust_mozprofile.NwfLAdKmS99y"
Unable to read VR Path Registry from C:\Users\Mellis\AppData\Local\openvr\openvrpaths.vrpath
Unable to read VR Path Registry from C:\Users\Mellis\AppData\Local\openvr\openvrpaths.vrpath
Unable to read VR Path Registry from C:\Users\Mellis\AppData\Local\openvr\openvrpaths.vrpath
Unable to read VR Path Registry from C:\Users\Mellis\AppData\Local\openvr\openvrpaths.vrpath
Unable to read VR Path Registry from C:\Users\Mellis\AppData\Local\openvr\openvrpaths.vrpath
1527468509750	Marionette	INFO	Listening on port 50200
1527468510267	Marionette	WARN	TLS certificate errors will be ignored for this session
[Child 192, Chrome_ChildThread] WARNING: pipe error: 109: file z:/build/build/src/ipc/chromium/src/chrome/common/ipc_channel_win.cc, line 346
[Child 192, Chrome_ChildThread] WARNING: pipe[Child 6656, Chrome_ChildThread] WARNING: pipe error: 109: file z:/build/build/src/ipc/chromium/src/chrome/common/ipc_channel_win.cc, line 346
[Child 6656, Chrome_ChildThread] WARNING: pipe[Parent 6488, Gecko_IOThread] WARNING: pipe error: 109: file z:/build/build/src/ipc/chromium/src/chrome/common/ipc_channel_win.cc, line 346
*** UTM:SVC TimerManager:registerTimer called after profile-before-change notification. Ignoring timer registration for id: telemetry_modules_ping

###!!! [Child][MessageChannel::SendAndWait] Error: Channel error: cannot send/recv

1527468536077	geckodriver	INFO	geckodriver 0.20.1
1527468536082	geckodriver	INFO	Listening on 127.0.0.1:50252
1527468539085	mozrunner::runner	INFO	Running command: "C:\\Program Files\\Mozilla Firefox\\firefox.exe" "-marionette" "-profile" "C:\\Users\\Mellis\\AppData\\Local\\Temp\\rust_mozprofile.GF0VQmkg4P3E"
Unable to read VR Path Registry from C:\Users\Mellis\AppData\Local\openvr\openvrpaths.vrpath
Unable to read VR Path Registry from C:\Users\Mellis\AppData\Local\openvr\openvrpaths.vrpath
Unable to read VR Path Registry from C:\Users\Mellis\AppData\Local\openvr\openvrpaths.vrpath
Unable to read VR Path Registry from C:\Users\Mellis\AppData\Local\openvr\openvrpaths.vrpath
Unable to read VR Path Registry from C:\Users\Mellis\AppData\Local\openvr\openvrpaths.vrpath
1527468541501	Marionette	INFO	Listening on port 50260
1527468542191	Marionette	WARN	TLS certificate errors will be ignored for this session
[Parent 4016, Gecko_IOThread] WARNING: pipe error: 109: file z:/build/build/src/ipc/chromium/src/chrome/common/ipc_channel_win.cc, line 346
[Child 5868, Chrome_ChildThread] WARNING: pipe error: 109: file z:/build/build/src/ipc/chromium/src/chrome/common/ipc_channel_win.cc, line 346
[Parent 4016, Gecko_IOThread] WARNING: pipe error: 109: file z:/build/build/src/ipc/chromium/src/chrome/common/ipc_channel_win.cc, line 346
*** UTM:SVC TimerManager:registerTimer called after profile-before-change notification. Ignoring timer registration for id: telemetry_modules_ping

###!!! [Child][MessageChannel::SendAndWait] Error: Channel error: cannot send/recv

1527468592516	geckodriver	INFO	geckodriver 0.20.1
1527468592522	geckodriver	INFO	Listening on 127.0.0.1:50331
1527468595551	mozrunner::runner	INFO	Running command: "C:\\Program Files\\Mozilla Firefox\\firefox.exe" "-marionette" "-profile" "C:\\Users\\Mellis\\AppData\\Local\\Temp\\rust_mozprofile.lhr8EWJ2rYpz"
Unable to read VR Path Registry from C:\Users\Mellis\AppData\Local\openvr\openvrpaths.vrpath
Unable to read VR Path Registry from C:\Users\Mellis\AppData\Local\openvr\openvrpaths.vrpath
Unable to read VR Path Registry from C:\Users\Mellis\AppData\Local\openvr\openvrpaths.vrpath
Unable to read VR Path Registry from C:\Users\Mellis\AppData\Local\openvr\openvrpaths.vrpath
Unable to read VR Path Registry from C:\Users\Mellis\AppData\Local\openvr\openvrpaths.vrpath
1527468598407	Marionette	INFO	Listening on port 50339
1527468598750	Marionette	WARN	TLS certificate errors will be ignored for this session
[Child 5128, Chrome_ChildThread] WARNING: pipe error: 109: file z:/build/build/src/ipc/chromium/src/chrome/common/ipc_channel_win.cc, line 346
[Parent 7924, Gecko_IOThread] WARNING: pipe error: 109: file z:/build/build/src/ipc/chromium/src/chrome/common/ipc_channel_win.cc, line 346
[Child 2452, Chrome_ChildThread] WARNING: pipe error: 109: file z:/build/build/src/ipc/chromium/src/chrome/common/ipc_channel_win.cc, line 346
[Child 2452, Chrom*** UTM:SVC TimerManager:registerTimer called after profile-before-change notification. Ignoring timer registration for id: telemetry_modules_ping
[GPU 10108, Chrome_ChildThread] WARNING: pipe error: 109: file z:/build/build/src/ipc/chromium/src/chrome/common/ipc_channel_win.cc, line 346

###!!! [Child][MessageChannel::SendAndWait] Error: Channel error: cannot send/recv

1527468638596	geckodriver	INFO	geckodriver 0.20.1
1527468638602	geckodriver	INFO	Listening on 127.0.0.1:50390
1527468641625	mozrunner::runner	INFO	Running command: "C:\\Program Files\\Mozilla Firefox\\firefox.exe" "-marionette" "-profile" "C:\\Users\\Mellis\\AppData\\Local\\Temp\\rust_mozprofile.hcgvyrwUtVgn"
Unable to read VR Path Registry from C:\Users\Mellis\AppData\Local\openvr\openvrpaths.vrpath
Unable to read VR Path Registry from C:\Users\Mellis\AppData\Local\openvr\openvrpaths.vrpath
Unable to read VR Path Registry from C:\Users\Mellis\AppData\Local\openvr\openvrpaths.vrpath
Unable to read VR Path Registry from C:\Users\Mellis\AppData\Local\openvr\openvrpaths.vrpath
Unable to read VR Path Registry from C:\Users\Mellis\AppData\Local\openvr\openvrpaths.vrpath
1527468644121	Marionette	INFO	Listening on port 50399
1527468644733	Marionette	WARN	TLS certificate errors will be ignored for this session
[Parent 2592, Gecko_IOThread] WARNING: pipe error: 109: file z:/build/build/src/ipc/chromium/src/chrome/common/ipc_channel_win.cc, line 346
[Child 2748, Chrome_ChildThread] WARNING: pipe error: 109: file z:/build/build/src/ipc/chromium/src/chrome/common/ipc_channel_win.cc, line 346
[Child 2748, Chrome_ChildThread] WARNING: pipe error: 109: file z:/build/build/src/ipc/chromium/src/chrome/common/ipc_channel_win.cc, line 346
[Parent 2592, Gecko_IOThread] WARNING: pipe error: 109: file z:/build/build/src/ipc/chromium/src/chrome/common/ipc_channel_win.cc, line 346
[Child 8760, Chrome_ChildThread] WARNING: pipe error: 109: file z:/build/build/src/ipc/chromium/src/chrome/common/ipc_channel_win.cc, line 346
[Child 8760, Chrome_ChildThread] WARNING: pipe error: 109: file z:/build/build/src/ipc/chromium/src/chrome/common/ipc_channel_win.cc, line 346
[Parent 2592, Gecko_IOThread] WARNING: pipe error: 109: file z:/build/build/src/ipc/chromium/src/chrome/common/ipc_channel_win.cc, line 346
*** UTM:SVC TimerManager:registerTimer called after profile-before-change notification. Ignoring timer registration for id: telemetry_modules_ping

###!!! [Child][MessageChannel::SendAndWait] Error: Channel error: cannot send/recv

